0 info it worked if it ends with ok
1 verbose cli [ '/Users/latentflip/.nvm/versions/node/v6.7.0/bin/node',
1 verbose cli   '/Users/latentflip/.nvm/versions/node/v6.7.0/bin/npm',
1 verbose cli   'run',
1 verbose cli   'deploy' ]
2 info using npm@3.10.3
3 info using node@v6.7.0
4 verbose config Skipping project config: /Users/latentflip/.npmrc. (matches userconfig)
5 verbose stack Error: missing script: deploy
5 verbose stack     at run (/Users/latentflip/.nvm/versions/node/v6.7.0/lib/node_modules/npm/lib/run-script.js:151:19)
5 verbose stack     at /Users/latentflip/.nvm/versions/node/v6.7.0/lib/node_modules/npm/lib/run-script.js:61:5
5 verbose stack     at /Users/latentflip/.nvm/versions/node/v6.7.0/lib/node_modules/npm/node_modules/read-package-json/read-json.js:356:5
5 verbose stack     at checkBinReferences_ (/Users/latentflip/.nvm/versions/node/v6.7.0/lib/node_modules/npm/node_modules/read-package-json/read-json.js:320:45)
5 verbose stack     at final (/Users/latentflip/.nvm/versions/node/v6.7.0/lib/node_modules/npm/node_modules/read-package-json/read-json.js:354:3)
5 verbose stack     at then (/Users/latentflip/.nvm/versions/node/v6.7.0/lib/node_modules/npm/node_modules/read-package-json/read-json.js:124:5)
5 verbose stack     at ReadFileContext.<anonymous> (/Users/latentflip/.nvm/versions/node/v6.7.0/lib/node_modules/npm/node_modules/read-package-json/read-json.js:295:20)
5 verbose stack     at ReadFileContext.callback (/Users/latentflip/.nvm/versions/node/v6.7.0/lib/node_modules/npm/node_modules/graceful-fs/graceful-fs.js:78:16)
5 verbose stack     at FSReqWrap.readFileAfterOpen [as oncomplete] (fs.js:365:13)
6 verbose cwd /Users/latentflip/Code/github/latentflip/latentflip.github.com
7 error Darwin 15.6.0
8 error argv "/Users/latentflip/.nvm/versions/node/v6.7.0/bin/node" "/Users/latentflip/.nvm/versions/node/v6.7.0/bin/npm" "run" "deploy"
9 error node v6.7.0
10 error npm  v3.10.3
11 error missing script: deploy
12 error If you need help, you may report this error at:
12 error     <https://github.com/npm/npm/issues>
13 verbose exit [ 1, true ]
